2019-12-02 18:56:04.683  INFO 10168 --- [main] c.c.n.NaucnaCentralaApplication          : Starting NaucnaCentralaApplication on DESKTOP-N07U3GC with PID 10168 (started by Alexandar in C:\Users\Alexandar\Documents\MASTER\1 semestar\SEP_Naucna_Centrala\SEP_Naucna_Centrala\naucna_centrala)
2019-12-02 18:56:04.706  INFO 10168 --- [main] c.c.n.NaucnaCentralaApplication          : No active profile set, falling back to default profiles: default
2019-12-02 18:56:07.545  INFO 10168 --- [main] .s.d.r.c.RepositoryConfigurationDelegate : Bootstrapping Spring Data repositories in DEFAULT mode.
2019-12-02 18:56:07.807  INFO 10168 --- [main] .s.d.r.c.RepositoryConfigurationDelegate : Finished Spring Data repository scanning in 249ms. Found 4 repository interfaces.
2019-12-02 18:56:07.838  INFO 10168 --- [main] .s.d.r.c.RepositoryConfigurationDelegate : Bootstrapping Spring Data repositories in DEFAULT mode.
2019-12-02 18:56:07.952  INFO 10168 --- [main] .s.d.r.c.RepositoryConfigurationDelegate : Finished Spring Data repository scanning in 84ms. Found 4 repository interfaces.
2019-12-02 18:56:09.195  INFO 10168 --- [main] trationDelegate$BeanPostProcessorChecker : Bean 'naucnaCentralaApplication' of type [com.centrala.naucna_centrala.NaucnaCentralaApplication$$EnhancerBySpringCGLIB$$3134c5e0] is not eligible for getting processed by all BeanPostProcessors (for example: not eligible for auto-proxying)
2019-12-02 18:56:09.551  INFO 10168 --- [main] trationDelegate$BeanPostProcessorChecker : Bean 'org.springframework.transaction.annotation.ProxyTransactionManagementConfiguration' of type [org.springframework.transaction.annotation.ProxyTransactionManagementConfiguration] is not eligible for getting processed by all BeanPostProcessors (for example: not eligible for auto-proxying)
2019-12-02 18:56:09.702  INFO 10168 --- [main] trationDelegate$BeanPostProcessorChecker : Bean 'org.springframework.security.config.annotation.configuration.ObjectPostProcessorConfiguration' of type [org.springframework.security.config.annotation.configuration.ObjectPostProcessorConfiguration$$EnhancerBySpringCGLIB$$44856ad1] is not eligible for getting processed by all BeanPostProcessors (for example: not eligible for auto-proxying)
2019-12-02 18:56:09.729  INFO 10168 --- [main] trationDelegate$BeanPostProcessorChecker : Bean 'objectPostProcessor' of type [org.springframework.security.config.annotation.configuration.AutowireBeanFactoryObjectPostProcessor] is not eligible for getting processed by all BeanPostProcessors (for example: not eligible for auto-proxying)
2019-12-02 18:56:09.745  INFO 10168 --- [main] trationDelegate$BeanPostProcessorChecker : Bean 'org.springframework.security.access.expression.method.DefaultMethodSecurityExpressionHandler@15a69a1' of type [org.springframework.security.access.expression.method.DefaultMethodSecurityExpressionHandler] is not eligible for getting processed by all BeanPostProcessors (for example: not eligible for auto-proxying)
2019-12-02 18:56:09.754  INFO 10168 --- [main] trationDelegate$BeanPostProcessorChecker : Bean 'org.springframework.security.config.annotation.method.configuration.Jsr250MetadataSourceConfiguration' of type [org.springframework.security.config.annotation.method.configuration.Jsr250MetadataSourceConfiguration$$EnhancerBySpringCGLIB$$8eaf2599] is not eligible for getting processed by all BeanPostProcessors (for example: not eligible for auto-proxying)
2019-12-02 18:56:09.775  INFO 10168 --- [main] trationDelegate$BeanPostProcessorChecker : Bean 'jsr250MethodSecurityMetadataSource' of type [org.springframework.security.access.annotation.Jsr250MethodSecurityMetadataSource] is not eligible for getting processed by all BeanPostProcessors (for example: not eligible for auto-proxying)
2019-12-02 18:56:09.847  INFO 10168 --- [main] trationDelegate$BeanPostProcessorChecker : Bean 'methodSecurityConfig' of type [com.centrala.naucna_centrala.Security.MethodSecurityConfig$$EnhancerBySpringCGLIB$$8ea81861] is not eligible for getting processed by all BeanPostProcessors (for example: not eligible for auto-proxying)
2019-12-02 18:56:09.897  INFO 10168 --- [main] trationDelegate$BeanPostProcessorChecker : Bean 'methodSecurityMetadataSource' of type [org.springframework.security.access.method.DelegatingMethodSecurityMetadataSource] is not eligible for getting processed by all BeanPostProcessors (for example: not eligible for auto-proxying)
2019-12-02 18:56:11.851  INFO 10168 --- [main] o.s.b.w.embedded.tomcat.TomcatWebServer  : Tomcat initialized with port(s): 8080 (https) 8095 (http)
2019-12-02 18:56:11.909  INFO 10168 --- [main] o.apache.catalina.core.StandardService   : Starting service [Tomcat]
2019-12-02 18:56:11.911  INFO 10168 --- [main] org.apache.catalina.core.StandardEngine  : Starting Servlet engine: [Apache Tomcat/9.0.27]
2019-12-02 18:56:13.079  INFO 10168 --- [main] o.a.c.c.C.[Tomcat].[localhost].[/]       : Initializing Spring embedded WebApplicationContext
2019-12-02 18:56:13.079  INFO 10168 --- [main] o.s.web.context.ContextLoader            : Root WebApplicationContext: initialization completed in 8177 ms
2019-12-02 18:56:19.599  INFO 10168 --- [main] o.hibernate.jpa.internal.util.LogHelper  : HHH000204: Processing PersistenceUnitInfo [name: default]
2019-12-02 18:56:20.326  INFO 10168 --- [main] org.hibernate.Version                    : HHH000412: Hibernate Core {5.4.6.Final}
2019-12-02 18:56:21.367  INFO 10168 --- [main] o.hibernate.annotations.common.Version   : HCANN000001: Hibernate Commons Annotations {5.1.0.Final}
2019-12-02 18:56:21.993  INFO 10168 --- [main] com.zaxxer.hikari.HikariDataSource       : HikariPool-1 - Starting...
2019-12-02 18:56:22.610  INFO 10168 --- [main] com.zaxxer.hikari.HikariDataSource       : HikariPool-1 - Start completed.
2019-12-02 18:56:22.711  INFO 10168 --- [main] org.hibernate.dialect.Dialect            : HHH000400: Using dialect: org.hibernate.dialect.MySQL5Dialect
2019-12-02 18:56:28.107  INFO 10168 --- [main] o.h.e.t.j.p.i.JtaPlatformInitiator       : HHH000490: Using JtaPlatform implementation: [org.hibernate.engine.transaction.jta.platform.internal.NoJtaPlatform]
2019-12-02 18:56:28.138  INFO 10168 --- [main] j.LocalContainerEntityManagerFactoryBean : Initialized JPA EntityManagerFactory for persistence unit 'default'
2019-12-02 18:56:28.463  WARN 10168 --- [main] JpaBaseConfiguration$JpaWebConfiguration : spring.jpa.open-in-view is enabled by default. Therefore, database queries may be performed during view rendering. Explicitly configure spring.jpa.open-in-view to disable this warning
2019-12-02 18:56:30.990  INFO 10168 --- [main] .s.s.UserDetailsServiceAutoConfiguration : 

Using generated security password: 3adefa5c-adaf-4e74-9a61-75d20cc75ade

2019-12-02 18:56:32.152  INFO 10168 --- [main] o.s.s.web.DefaultSecurityFilterChain     : Creating filter chain: any request, [org.springframework.security.web.context.request.async.WebAsyncManagerIntegrationFilter@382b2f, org.springframework.security.web.context.SecurityContextPersistenceFilter@a6840c, org.springframework.security.web.header.HeaderWriterFilter@1827d7b, org.springframework.web.filter.CorsFilter@1374ca6, org.springframework.security.web.authentication.logout.LogoutFilter@1d1052, org.springframework.security.web.savedrequest.RequestCacheAwareFilter@1e3f8f8, org.springframework.security.web.servletapi.SecurityContextHolderAwareRequestFilter@1805562, org.springframework.security.web.authentication.rememberme.RememberMeAuthenticationFilter@1de6148, org.springframework.security.web.authentication.AnonymousAuthenticationFilter@1734463, org.springframework.security.web.session.SessionManagementFilter@fcc0b3, org.springframework.security.web.access.ExceptionTranslationFilter@c0ca83, org.springframework.security.web.access.intercept.FilterSecurityInterceptor@1e11bda]
2019-12-02 18:56:34.822  INFO 10168 --- [main] o.s.s.concurrent.ThreadPoolTaskExecutor  : Initializing ExecutorService 'applicationTaskExecutor'
2019-12-02 18:56:39.814  INFO 10168 --- [main] o.s.b.w.embedded.tomcat.TomcatWebServer  : Tomcat started on port(s): 8080 (https) 8095 (http) with context path ''
2019-12-02 18:56:39.822  INFO 10168 --- [main] c.c.n.NaucnaCentralaApplication          : Started NaucnaCentralaApplication in 36.546 seconds (JVM running for 39.904)
2019-12-02 18:57:42.382  INFO 10168 --- [https-jsse-nio-8080-exec-4] o.a.c.c.C.[Tomcat].[localhost].[/]       : Initializing Spring DispatcherServlet 'dispatcherServlet'
2019-12-02 18:57:42.384  INFO 10168 --- [https-jsse-nio-8080-exec-4] o.s.web.servlet.DispatcherServlet        : Initializing Servlet 'dispatcherServlet'
2019-12-02 18:57:42.418  INFO 10168 --- [https-jsse-nio-8080-exec-4] o.s.web.servlet.DispatcherServlet        : Completed initialization in 34 ms
2019-12-02 19:21:32.848  INFO 13292 --- [main] c.c.n.NaucnaCentralaApplication          : Starting NaucnaCentralaApplication on DESKTOP-N07U3GC with PID 13292 (started by Alexandar in C:\Users\Alexandar\Documents\MASTER\1 semestar\SEP_Naucna_Centrala\SEP_Naucna_Centrala\naucna_centrala)
2019-12-02 19:21:32.868  INFO 13292 --- [main] c.c.n.NaucnaCentralaApplication          : No active profile set, falling back to default profiles: default
2019-12-02 19:21:35.731  INFO 13292 --- [main] .s.d.r.c.RepositoryConfigurationDelegate : Bootstrapping Spring Data repositories in DEFAULT mode.
2019-12-02 19:21:35.921  INFO 13292 --- [main] .s.d.r.c.RepositoryConfigurationDelegate : Finished Spring Data repository scanning in 177ms. Found 4 repository interfaces.
2019-12-02 19:21:35.950  INFO 13292 --- [main] .s.d.r.c.RepositoryConfigurationDelegate : Bootstrapping Spring Data repositories in DEFAULT mode.
2019-12-02 19:21:36.011  INFO 13292 --- [main] .s.d.r.c.RepositoryConfigurationDelegate : Finished Spring Data repository scanning in 50ms. Found 4 repository interfaces.
2019-12-02 19:21:37.017  INFO 13292 --- [main] trationDelegate$BeanPostProcessorChecker : Bean 'naucnaCentralaApplication' of type [com.centrala.naucna_centrala.NaucnaCentralaApplication$$EnhancerBySpringCGLIB$$2908d9f7] is not eligible for getting processed by all BeanPostProcessors (for example: not eligible for auto-proxying)
2019-12-02 19:21:37.152  INFO 13292 --- [main] trationDelegate$BeanPostProcessorChecker : Bean 'org.springframework.transaction.annotation.ProxyTransactionManagementConfiguration' of type [org.springframework.transaction.annotation.ProxyTransactionManagementConfiguration] is not eligible for getting processed by all BeanPostProcessors (for example: not eligible for auto-proxying)
2019-12-02 19:21:37.230  INFO 13292 --- [main] trationDelegate$BeanPostProcessorChecker : Bean 'org.springframework.security.config.annotation.method.configuration.Jsr250MetadataSourceConfiguration' of type [org.springframework.security.config.annotation.method.configuration.Jsr250MetadataSourceConfiguration$$EnhancerBySpringCGLIB$$868339b0] is not eligible for getting processed by all BeanPostProcessors (for example: not eligible for auto-proxying)
2019-12-02 19:21:37.243  INFO 13292 --- [main] trationDelegate$BeanPostProcessorChecker : Bean 'jsr250MethodSecurityMetadataSource' of type [org.springframework.security.access.annotation.Jsr250MethodSecurityMetadataSource] is not eligible for getting processed by all BeanPostProcessors (for example: not eligible for auto-proxying)
2019-12-02 19:21:37.251  INFO 13292 --- [main] trationDelegate$BeanPostProcessorChecker : Bean 'org.springframework.security.config.annotation.configuration.ObjectPostProcessorConfiguration' of type [org.springframework.security.config.annotation.configuration.ObjectPostProcessorConfiguration$$EnhancerBySpringCGLIB$$3c597ee8] is not eligible for getting processed by all BeanPostProcessors (for example: not eligible for auto-proxying)
2019-12-02 19:21:37.262  INFO 13292 --- [main] trationDelegate$BeanPostProcessorChecker : Bean 'objectPostProcessor' of type [org.springframework.security.config.annotation.configuration.AutowireBeanFactoryObjectPostProcessor] is not eligible for getting processed by all BeanPostProcessors (for example: not eligible for auto-proxying)
2019-12-02 19:21:37.268  INFO 13292 --- [main] trationDelegate$BeanPostProcessorChecker : Bean 'org.springframework.security.access.expression.method.DefaultMethodSecurityExpressionHandler@13bd77b' of type [org.springframework.security.access.expression.method.DefaultMethodSecurityExpressionHandler] is not eligible for getting processed by all BeanPostProcessors (for example: not eligible for auto-proxying)
2019-12-02 19:21:37.271  INFO 13292 --- [main] trationDelegate$BeanPostProcessorChecker : Bean 'methodSecurityConfig' of type [com.centrala.naucna_centrala.Security.MethodSecurityConfig$$EnhancerBySpringCGLIB$$867c2c78] is not eligible for getting processed by all BeanPostProcessors (for example: not eligible for auto-proxying)
2019-12-02 19:21:37.296  INFO 13292 --- [main] trationDelegate$BeanPostProcessorChecker : Bean 'methodSecurityMetadataSource' of type [org.springframework.security.access.method.DelegatingMethodSecurityMetadataSource] is not eligible for getting processed by all BeanPostProcessors (for example: not eligible for auto-proxying)
2019-12-02 19:21:37.815  INFO 13292 --- [main] o.s.b.w.embedded.tomcat.TomcatWebServer  : Tomcat initialized with port(s): 8080 (https) 8095 (http)
2019-12-02 19:21:37.846  INFO 13292 --- [main] o.apache.catalina.core.StandardService   : Starting service [Tomcat]
2019-12-02 19:21:37.847  INFO 13292 --- [main] org.apache.catalina.core.StandardEngine  : Starting Servlet engine: [Apache Tomcat/9.0.27]
2019-12-02 19:21:44.057  INFO 13292 --- [main] o.a.c.c.C.[Tomcat].[localhost].[/]       : Initializing Spring embedded WebApplicationContext
2019-12-02 19:21:44.058  INFO 13292 --- [main] o.s.web.context.ContextLoader            : Root WebApplicationContext: initialization completed in 10937 ms
2019-12-02 19:21:44.898  INFO 13292 --- [main] o.hibernate.jpa.internal.util.LogHelper  : HHH000204: Processing PersistenceUnitInfo [name: default]
2019-12-02 19:21:45.077  INFO 13292 --- [main] org.hibernate.Version                    : HHH000412: Hibernate Core {5.4.6.Final}
2019-12-02 19:21:45.321  INFO 13292 --- [main] o.hibernate.annotations.common.Version   : HCANN000001: Hibernate Commons Annotations {5.1.0.Final}
2019-12-02 19:21:45.605  INFO 13292 --- [main] com.zaxxer.hikari.HikariDataSource       : HikariPool-1 - Starting...
2019-12-02 19:21:45.826  INFO 13292 --- [main] com.zaxxer.hikari.HikariDataSource       : HikariPool-1 - Start completed.
2019-12-02 19:21:45.860  INFO 13292 --- [main] org.hibernate.dialect.Dialect            : HHH000400: Using dialect: org.hibernate.dialect.MySQL5Dialect
2019-12-02 19:21:49.704  INFO 13292 --- [main] o.h.e.t.j.p.i.JtaPlatformInitiator       : HHH000490: Using JtaPlatform implementation: [org.hibernate.engine.transaction.jta.platform.internal.NoJtaPlatform]
2019-12-02 19:21:49.740  INFO 13292 --- [main] j.LocalContainerEntityManagerFactoryBean : Initialized JPA EntityManagerFactory for persistence unit 'default'
2019-12-02 19:21:50.253  WARN 13292 --- [main] JpaBaseConfiguration$JpaWebConfiguration : spring.jpa.open-in-view is enabled by default. Therefore, database queries may be performed during view rendering. Explicitly configure spring.jpa.open-in-view to disable this warning
2019-12-02 19:21:52.362  INFO 13292 --- [main] .s.s.UserDetailsServiceAutoConfiguration : 

Using generated security password: a288c339-32d9-4892-8908-6025a5c1ba88

2019-12-02 19:21:53.232  INFO 13292 --- [main] o.s.s.web.DefaultSecurityFilterChain     : Creating filter chain: any request, [org.springframework.security.web.context.request.async.WebAsyncManagerIntegrationFilter@b849b2, org.springframework.security.web.context.SecurityContextPersistenceFilter@1e88f64, org.springframework.security.web.header.HeaderWriterFilter@6e07e7, org.springframework.web.filter.CorsFilter@1e2a366, org.springframework.security.web.authentication.logout.LogoutFilter@1c0e448, org.springframework.security.web.savedrequest.RequestCacheAwareFilter@19b8ecb, org.springframework.security.web.servletapi.SecurityContextHolderAwareRequestFilter@13a5fad, org.springframework.security.web.authentication.rememberme.RememberMeAuthenticationFilter@ee08f5, org.springframework.security.web.authentication.AnonymousAuthenticationFilter@1d38df2, org.springframework.security.web.session.SessionManagementFilter@1880a15, org.springframework.security.web.access.ExceptionTranslationFilter@1a1cdbe, org.springframework.security.web.access.intercept.FilterSecurityInterceptor@1d4312a]
2019-12-02 19:21:54.573  INFO 13292 --- [main] o.s.s.concurrent.ThreadPoolTaskExecutor  : Initializing ExecutorService 'applicationTaskExecutor'
2019-12-02 19:21:56.584  INFO 13292 --- [main] o.s.b.w.embedded.tomcat.TomcatWebServer  : Tomcat started on port(s): 8080 (https) 8095 (http) with context path ''
2019-12-02 19:21:56.600  INFO 13292 --- [main] c.c.n.NaucnaCentralaApplication          : Started NaucnaCentralaApplication in 27.091 seconds (JVM running for 33.843)
2019-12-02 19:23:25.918  INFO 13292 --- [https-jsse-nio-8080-exec-4] o.a.c.c.C.[Tomcat].[localhost].[/]       : Initializing Spring DispatcherServlet 'dispatcherServlet'
2019-12-02 19:23:25.919  INFO 13292 --- [https-jsse-nio-8080-exec-4] o.s.web.servlet.DispatcherServlet        : Initializing Servlet 'dispatcherServlet'
2019-12-02 19:23:25.944  INFO 13292 --- [https-jsse-nio-8080-exec-4] o.s.web.servlet.DispatcherServlet        : Completed initialization in 24 ms
